<?xml version="1.0" encoding="utf-8" standalone="no"?>
<test-results xmlns:xsi="http://www.w3.org/2001/XMLSchema-instance" xsi:noNamespaceSchemaLocation="nunit_schema_2.5.xsd" name="Pester" total="2" errors="0" failures="0" not-run="28" inconclusive="0" ignored="0" skipped="0" invalid="0" date="2025-12-24" time="18:44:23">
  <environment clr-version="9.0.10" nunit-version="2.5.8.0" os-version="10.0.26200" user="ndsno" cwd="C:\code\Forensikit" user-domain="MERCURY" platform="Microsoft Windows 11 Education|C:\WINDOWS|\Device\Harddisk0\Partition3" machine-name="MERCURY" />
  <culture-info current-culture="nl-BE" current-uiculture="en-GB" />
  <test-suite type="TestFixture" name="Pester" executed="True" result="Success" success="True" time="102.525" asserts="0" description="Pester">
    <results>
      <test-suite type="TestFixture" name="C:\code\Forensikit\tests\Forensikit.Integration.Tests.ps1" executed="True" result="Success" success="True" time="102.4671" asserts="0" description="C:\code\Forensikit\tests\Forensikit.Integration.Tests.ps1">
        <results>
          <test-suite type="TestFixture" name="Forensikit Integration" executed="True" result="Success" success="True" time="101.8561" asserts="0" description="Forensikit Integration">
            <results>
              <test-case description="Runs local collection(s) and produces zip + integrity" name="Forensikit Integration.Runs local collection(s) and produces zip + integrity" time="52.0865" asserts="0" success="True" result="Success" executed="True" />
              <test-case description="Optionally runs remote fan-out against configured real targets" name="Forensikit Integration.Optionally runs remote fan-out against configured real targets" time="48.8926" asserts="0" success="True" result="Success" executed="True" />
            </results>
          </test-suite>
        </results>
      </test-suite>
    </results>
  </test-suite>
</test-results>