<?xml version="1.0" encoding="utf-8" standalone="no"?>
<test-results xmlns:xsi="http://www.w3.org/2001/XMLSchema-instance" xsi:noNamespaceSchemaLocation="nunit_schema_2.5.xsd" name="Pester" total="14" errors="0" failures="0" not-run="16" inconclusive="0" ignored="0" skipped="0" invalid="0" date="2025-12-24" time="22:15:47">
  <environment machine-name="MERCURY" os-version="10.0.26200" cwd="C:\code\Forensikit" platform="Microsoft Windows 11 Education|C:\WINDOWS|\Device\Harddisk0\Partition3" clr-version="9.0.10" nunit-version="2.5.8.0" user-domain="MERCURY" user="ndsno" />
  <culture-info current-culture="nl-BE" current-uiculture="en-GB" />
  <test-suite type="TestFixture" name="Pester" executed="True" result="Success" success="True" time="9.2951" asserts="0" description="Pester">
    <results>
      <test-suite type="TestFixture" name="C:\code\Forensikit\tests\Forensikit.Unit.Tests.ps1" executed="True" result="Success" success="True" time="9.0269" asserts="0" description="C:\code\Forensikit\tests\Forensikit.Unit.Tests.ps1">
        <results>
          <test-suite type="TestFixture" name="Forensikit Unit" executed="True" result="Success" success="True" time="8.4795" asserts="0" description="Forensikit Unit">
            <results>
              <test-suite type="TestFixture" name="Forensikit Unit.Collectors (Windows paths) produce expected outputs" executed="True" result="Success" success="True" time="7.3046" asserts="0" description="Forensikit Unit.Collectors (Windows paths) produce expected outputs">
                <results>
                  <test-case description="Processes collector writes processes.csv and WMI JSON (Windows)" name="Forensikit Unit.Collectors (Windows paths) produce expected outputs.Processes collector writes processes.csv and WMI JSON (Windows)" time="0.7221" asserts="0" success="True" result="Success" executed="True" />
                  <test-case description="Processes collector logs WARN if CIM fails but still writes CSV" name="Forensikit Unit.Collectors (Windows paths) produce expected outputs.Processes collector logs WARN if CIM fails but still writes CSV" time="0.2373" asserts="0" success="True" result="Success" executed="True" />
                  <test-case description="Network collector writes baseline Windows command outputs" name="Forensikit Unit.Collectors (Windows paths) produce expected outputs.Network collector writes baseline Windows command outputs" time="1.6877" asserts="0" success="True" result="Success" executed="True" />
                  <test-case description="Users collector writes whoami_all and falls back to net user" name="Forensikit Unit.Collectors (Windows paths) produce expected outputs.Users collector writes whoami_all and falls back to net user" time="0.2868" asserts="0" success="True" result="Success" executed="True" />
                  <test-case description="EventLogs collector writes CSV+JSON per log when Get-WinEvent works" name="Forensikit Unit.Collectors (Windows paths) produce expected outputs.EventLogs collector writes CSV+JSON per log when Get-WinEvent works" time="0.4018" asserts="0" success="True" result="Success" executed="True" />
                  <test-case description="EventLogs collector continues when a log fails (e.g. Security access denied)" name="Forensikit Unit.Collectors (Windows paths) produce expected outputs.EventLogs collector continues when a log fails (e.g. Security access denied)" time="0.173" asserts="0" success="True" result="Success" executed="True" />
                  <test-case description="Services collector writes services.csv and attempts drivers.csv" name="Forensikit Unit.Collectors (Windows paths) produce expected outputs.Services collector writes services.csv and attempts drivers.csv" time="0.1409" asserts="0" success="True" result="Success" executed="True" />
                  <test-case description="ScheduledTasks collector writes error marker if Get-ScheduledTask fails" name="Forensikit Unit.Collectors (Windows paths) produce expected outputs.ScheduledTasks collector writes error marker if Get-ScheduledTask fails" time="0.4878" asserts="0" success="True" result="Success" executed="True" />
                  <test-case description="ScheduledTasks collector writes CSV+JSON when Get-ScheduledTask works" name="Forensikit Unit.Collectors (Windows paths) produce expected outputs.ScheduledTasks collector writes CSV+JSON when Get-ScheduledTask works" time="0.1222" asserts="0" success="True" result="Success" executed="True" />
                  <test-case description="Registry collector writes autoruns.csv (Windows)" name="Forensikit Unit.Collectors (Windows paths) produce expected outputs.Registry collector writes autoruns.csv (Windows)" time="0.2111" asserts="0" success="True" result="Success" executed="True" />
                  <test-case description="InstalledSoftware collector writes installed_software.csv (Windows)" name="Forensikit Unit.Collectors (Windows paths) produce expected outputs.InstalledSoftware collector writes installed_software.csv (Windows)" time="0.1847" asserts="0" success="True" result="Success" executed="True" />
                  <test-case description="DnsFirewall collector writes dns_cache and firewall_rules (Windows)" name="Forensikit Unit.Collectors (Windows paths) produce expected outputs.DnsFirewall collector writes dns_cache and firewall_rules (Windows)" time="2.6112" asserts="0" success="True" result="Success" executed="True" />
                </results>
              </test-suite>
              <test-suite type="TestFixture" name="Forensikit Unit.Core utilities" executed="True" result="Success" success="True" time="7.8794" asserts="0" description="Forensikit Unit.Core utilities">
                <results>
                  <test-case description="Integrity log includes SHA256 and timestamps" name="Forensikit Unit.Core utilities.Integrity log includes SHA256 and timestamps" time="0.1263" asserts="0" success="True" result="Success" executed="True" />
                  <test-case description="ZIP creation produces a file" name="Forensikit Unit.Core utilities.ZIP creation produces a file" time="0.4374" asserts="0" success="True" result="Success" executed="True" />
                </results>
              </test-suite>
            </results>
          </test-suite>
        </results>
      </test-suite>
    </results>
  </test-suite>
</test-results>